TN:
SF:script/DeployDSC.s.sol
DA:10,7
FN:10,DeployDSC.run
FNDA:7,DeployDSC.run
DA:18,7
DA:19,7
DA:25,7
DA:28,7
DA:29,7
DA:30,7
DA:31,7
DA:32,7
DA:33,7
DA:35,7
DA:36,7
DA:37,7
DA:42,7
DA:43,7
FNF:1
FNH:1
LF:15
LH:15
BRF:0
BRH:0
end_of_record
TN:
SF:script/HelperConfig.sol
DA:25,7
FN:25,HelperConfig.constructor
FNDA:7,HelperConfig.constructor
DA:26,7
BRDA:26,0,0,-
BRDA:26,0,1,7
DA:27,0
DA:29,7
DA:33,0
FN:33,HelperConfig.getSepoliaEthConfig
FNDA:0,HelperConfig.getSepoliaEthConfig
DA:34,0
DA:44,7
FN:44,HelperConfig.getOrCreateAnvilEthConfig
FNDA:7,HelperConfig.getOrCreateAnvilEthConfig
DA:45,7
BRDA:45,1,0,-
DA:46,0
DA:49,7
DA:50,7
DA:54,7
DA:55,7
DA:59,7
DA:60,7
DA:62,7
DA:70,7
DA:71,7
FNF:3
FNH:2
LF:18
LH:14
BRF:3
BRH:1
end_of_record
TN:
SF:src/DSCEngine.sol
DA:88,0
FN:88,DSCEngine.moreThanZero
FNDA:0,DSCEngine.moreThanZero
DA:89,0
BRDA:89,0,0,-
DA:93,2
FN:93,DSCEngine.isAllowedToken
FNDA:2,DSCEngine.isAllowedToken
DA:94,2
DA:95,1
BRDA:95,1,0,1
DA:102,8
FN:102,DSCEngine.constructor
FNDA:8,DSCEngine.constructor
DA:107,8
BRDA:107,2,0,1
DA:108,1
DA:110,7
DA:111,14
DA:112,14
DA:114,14
BRDA:114,3,0,-
DA:115,0
DA:117,14
DA:118,14
DA:120,7
DA:132,0
FN:132,DSCEngine.depositCollateralAndMintDsc
FNDA:0,DSCEngine.depositCollateralAndMintDsc
DA:137,0
DA:138,0
DA:141,0
FN:141,DSCEngine.redeemCollateral
FNDA:0,DSCEngine.redeemCollateral
DA:145,0
DA:146,0
DA:149,0
FN:149,DSCEngine.burnDsc
FNDA:0,DSCEngine.burnDsc
DA:150,0
DA:151,0
DA:154,0
FN:154,DSCEngine.liquidate
FNDA:0,DSCEngine.liquidate
DA:159,0
DA:160,0
BRDA:160,4,0,-
DA:161,0
DA:164,0
DA:169,0
DA:171,0
DA:174,0
DA:180,0
DA:182,0
DA:184,0
BRDA:184,5,0,-
DA:185,0
DA:187,0
DA:190,0
FN:190,DSCEngine.redeemCollateralForDsc
FNDA:0,DSCEngine.redeemCollateralForDsc
DA:196,0
DA:197,0
DA:198,0
DA:204,3
FN:204,DSCEngine.depositCollateral
FNDA:3,DSCEngine.depositCollateral
DA:208,1
DA:209,1
DA:211,1
DA:216,1
BRDA:216,6,0,-
DA:219,0
FN:219,DSCEngine.mintDsc
FNDA:0,DSCEngine.mintDsc
DA:220,0
DA:221,0
DA:223,0
DA:224,0
DA:227,0
FN:227,DSCEngine.getAccountCollateralValue
FNDA:0,DSCEngine.getAccountCollateralValue
DA:230,1
DA:231,2
DA:232,2
DA:233,2
DA:237,2
FN:237,DSCEngine.getTokenAmountFromUsd
FNDA:2,DSCEngine.getTokenAmountFromUsd
DA:241,2
DA:242,2
DA:243,2
DA:244,2
DA:245,2
DA:248,2
FN:248,DSCEngine.getUsdValue
FNDA:2,DSCEngine.getUsdValue
DA:252,4
DA:253,4
DA:254,4
DA:255,4
DA:256,4
DA:257,4
DA:260,1
FN:260,DSCEngine.getAccountInformation
FNDA:1,DSCEngine.getAccountInformation
DA:265,1
DA:272,0
FN:272,DSCEngine._redeemCollateral
FNDA:0,DSCEngine._redeemCollateral
DA:278,0
DA:279,0
DA:285,0
DA:289,0
BRDA:289,7,0,-
DA:290,0
DA:294,0
FN:294,DSCEngine._burnDsc
FNDA:0,DSCEngine._burnDsc
DA:299,0
DA:301,0
DA:307,0
BRDA:307,8,0,-
DA:308,0
DA:310,0
DA:313,1
FN:313,DSCEngine._getAccountInformation
FNDA:1,DSCEngine._getAccountInformation
DA:316,1
DA:317,1
DA:320,0
FN:320,DSCEngine._getHealthFactor
FNDA:0,DSCEngine._getHealthFactor
DA:321,0
DA:324,0
DA:325,0
DA:326,0
DA:327,0
DA:331,0
FN:331,DSCEngine._revertIfHealthFactorIsBroken
FNDA:0,DSCEngine._revertIfHealthFactorIsBroken
DA:332,0
DA:333,0
BRDA:333,10,0,-
FNF:19
FNH:7
LF:96
LH:40
BRF:10
BRH:2
end_of_record
TN:
SF:src/DecentralizedStableCoin.sol
DA:47,0
FN:47,DecentralizedStableCoin.burn
FNDA:0,DecentralizedStableCoin.burn
DA:48,0
DA:49,0
BRDA:49,0,0,-
DA:50,0
DA:52,0
BRDA:52,1,0,-
DA:53,0
DA:55,0
DA:58,0
FN:58,DecentralizedStableCoin.mint
FNDA:0,DecentralizedStableCoin.mint
DA:59,0
BRDA:59,2,0,-
DA:60,0
DA:62,0
BRDA:62,3,0,-
DA:63,0
DA:66,0
FNF:2
FNH:0
LF:13
LH:0
BRF:4
BRH:0
end_of_record
TN:
SF:test/mocks/ERC20Mock.sol
DA:7,15
FN:7,ERC20Mock.constructor
FNDA:15,ERC20Mock.constructor
DA:16,15
DA:19,7
FN:19,ERC20Mock.mint
FNDA:7,ERC20Mock.mint
DA:20,7
DA:23,0
FN:23,ERC20Mock.burn
FNDA:0,ERC20Mock.burn
DA:24,0
DA:27,0
FN:27,ERC20Mock.transferInternal
FNDA:0,ERC20Mock.transferInternal
DA:28,0
DA:31,0
FN:31,ERC20Mock.approveInternal
FNDA:0,ERC20Mock.approveInternal
DA:32,0
FNF:5
FNH:2
LF:10
LH:4
BRF:0
BRH:0
end_of_record
TN:
SF:test/mocks/MockV3Aggregator.sol
DA:24,14
FN:24,MockV3Aggregator.constructor
FNDA:14,MockV3Aggregator.constructor
DA:25,14
DA:26,14
DA:29,14
FN:29,MockV3Aggregator.updateAnswer
FNDA:14,MockV3Aggregator.updateAnswer
DA:30,14
DA:31,14
DA:32,14
DA:33,14
DA:34,14
DA:35,14
DA:38,0
FN:38,MockV3Aggregator.updateRoundData
FNDA:0,MockV3Aggregator.updateRoundData
DA:39,0
DA:40,0
DA:41,0
DA:42,0
DA:43,0
DA:44,0
DA:47,0
FN:47,MockV3Aggregator.getRoundData
FNDA:0,MockV3Aggregator.getRoundData
DA:52,0
DA:55,6
FN:55,MockV3Aggregator.latestRoundData
FNDA:6,MockV3Aggregator.latestRoundData
DA:60,6
DA:69,0
FN:69,MockV3Aggregator.description
FNDA:0,MockV3Aggregator.description
DA:70,0
FNF:6
FNH:3
LF:23
LH:12
BRF:0
BRH:0
end_of_record
